Aug-04 22:54:50.156 [main] DEBUG nextflow.cli.Launcher - $> nextflow optimise_DM.nf --label 220105 --dm_step 0.01 --timescale 50
Aug-04 22:54:50.639 [main] INFO  nextflow.cli.CmdRun - N E X T F L O W  ~  version 22.10.4
Aug-04 22:54:50.654 [main] DEBUG nextflow.plugin.PluginsFacade - Setting up plugin manager > mode=prod; embedded=false; plugins-dir=/home/mglowack/.nextflow/plugins; core-plugins: nf-amazon@1.11.2,nf-azure@0.14.2,nf-codecommit@0.1.2,nf-console@1.0.4,nf-ga4gh@1.0.4,nf-google@1.4.5,nf-tower@1.5.6,nf-wave@0.5.2
Aug-04 22:54:50.663 [main] INFO  org.pf4j.DefaultPluginStatusProvider - Enabled plugins: []
Aug-04 22:54:50.664 [main] INFO  org.pf4j.DefaultPluginStatusProvider - Disabled plugins: []
Aug-04 22:54:50.666 [main] INFO  org.pf4j.DefaultPluginManager - PF4J version 3.4.1 in 'deployment' mode
Aug-04 22:54:50.674 [main] INFO  org.pf4j.AbstractPluginManager - No plugins
Aug-04 22:54:50.688 [main] DEBUG nextflow.config.ConfigBuilder - Found config local: /fred/oz313/processing/DM_optimisation/pipeline/nextflow.config
Aug-04 22:54:50.688 [main] DEBUG nextflow.config.ConfigBuilder - Parsing config file: /fred/oz313/processing/DM_optimisation/pipeline/nextflow.config
Aug-04 22:54:50.703 [main] DEBUG nextflow.config.ConfigBuilder - Applying config profile: `standard`
Aug-04 22:54:51.336 [main] DEBUG nextflow.cli.CmdRun - Applied DSL=2 from script declararion
Aug-04 22:54:51.357 [main] INFO  nextflow.cli.CmdRun - Launching `optimise_DM.nf` [cranky_lavoisier] DSL2 - revision: a56b4b42e1
Aug-04 22:54:51.357 [main] DEBUG nextflow.plugin.PluginsFacade - Plugins default=[]
Aug-04 22:54:51.357 [main] DEBUG nextflow.plugin.PluginsFacade - Plugins resolved requirement=[]
Aug-04 22:54:51.364 [main] DEBUG nextflow.secret.LocalSecretsProvider - Secrets store: /home/mglowack/.nextflow/secrets/store.json
Aug-04 22:54:51.367 [main] DEBUG nextflow.secret.SecretsLoader - Discovered secrets providers: [nextflow.secret.LocalSecretsProvider@56f730b2] - activable => nextflow.secret.LocalSecretsProvider@56f730b2
Aug-04 22:54:51.421 [main] DEBUG nextflow.Session - Session UUID: aa0e424f-d6cd-4873-9907-f155f2f5622f
Aug-04 22:54:51.421 [main] DEBUG nextflow.Session - Run name: cranky_lavoisier
Aug-04 22:54:51.421 [main] DEBUG nextflow.Session - Executor pool size: 4
Aug-04 22:54:51.430 [main] DEBUG nextflow.util.ThreadPoolBuilder - Creating thread pool 'FileTransfer' minSize=10; maxSize=12; workQueue=LinkedBlockingQueue[10000]; allowCoreThreadTimeout=false
Aug-04 22:54:51.450 [main] DEBUG nextflow.cli.CmdRun - 
  Version: 22.10.4 build 5836
  Created: 09-12-2022 09:58 UTC (20:58 AEDT)
  System: Linux 5.14.0-427.26.1.el9_4.x86_64
  Runtime: Groovy 3.0.13 on OpenJDK 64-Bit Server VM 11.0.20+8
  Encoding: UTF-8 (ANSI_X3.4-1968)
  Process: 3421945@tooarrana2 [192.168.22.32]
  CPUs: 4 - Mem: 125.7 GB (124.3 GB) - Swap: 0 (0)
Aug-04 22:54:51.491 [main] DEBUG nextflow.Session - Work-dir: /fred/oz313/processing/DM_optimisation/pipeline/work [lustre]
Aug-04 22:54:51.491 [main] DEBUG nextflow.Session - Script base path does not exist or is not a directory: /fred/oz313/processing/DM_optimisation/pipeline/bin
Aug-04 22:54:51.501 [main] DEBUG nextflow.executor.ExecutorFactory - Extension executors providers=[]
Aug-04 22:54:51.509 [main] DEBUG nextflow.Session - Observer factory: DefaultObserverFactory
Aug-04 22:54:51.540 [main] DEBUG nextflow.cache.CacheFactory - Using Nextflow cache factory: nextflow.cache.DefaultCacheFactory
Aug-04 22:54:51.549 [main] DEBUG nextflow.util.CustomThreadPool - Creating default thread pool > poolSize: 5; maxThreads: 1000
Aug-04 22:54:52.811 [main] DEBUG nextflow.Session - Session start
Aug-04 22:54:53.371 [main] DEBUG nextflow.script.ScriptRunner - > Launching execution
Aug-04 22:54:53.473 [main] DEBUG nextflow.executor.ExecutorFactory - << taskConfig executor: null
Aug-04 22:54:53.473 [main] DEBUG nextflow.executor.ExecutorFactory - >> processorType: 'local'
Aug-04 22:54:53.480 [main] DEBUG nextflow.executor.Executor - [warm up] executor > local
Aug-04 22:54:53.485 [main] DEBUG n.processor.LocalPollingMonitor - Creating local task monitor for executor 'local' > cpus=4; memory=125.7 GB; capacity=4; pollInterval=100ms; dumpInterval=5m
Aug-04 22:54:53.564 [main] DEBUG nextflow.executor.ExecutorFactory - << taskConfig executor: null
Aug-04 22:54:53.564 [main] DEBUG nextflow.executor.ExecutorFactory - >> processorType: 'local'
Aug-04 22:54:53.569 [main] DEBUG nextflow.executor.ExecutorFactory - << taskConfig executor: null
Aug-04 22:54:53.570 [main] DEBUG nextflow.executor.ExecutorFactory - >> processorType: 'local'
Aug-04 22:54:53.601 [main] DEBUG nextflow.executor.ExecutorFactory - << taskConfig executor: null
Aug-04 22:54:53.601 [main] DEBUG nextflow.executor.ExecutorFactory - >> processorType: 'local'
Aug-04 22:54:53.602 [main] DEBUG nextflow.processor.TaskProcessor - Creating *combiner* operator for each param(s) at index(es): [1]
Aug-04 22:54:53.605 [main] DEBUG nextflow.Session - Workflow process names [dsl2]: vary_kc, cat_summaries, minimise_uncertainty, make_summary, generate_profiles, maximise_structure, maximise_sn, compare_structure_SN
Aug-04 22:54:53.606 [main] DEBUG nextflow.Session - Igniting dataflow network (7)
Aug-04 22:54:53.610 [main] DEBUG nextflow.processor.TaskProcessor - Starting process > generate_profiles
Aug-04 22:54:53.610 [main] DEBUG nextflow.processor.TaskProcessor - Starting process > maximise_structure
Aug-04 22:54:53.611 [main] DEBUG nextflow.processor.TaskProcessor - Starting process > make_summary
Aug-04 22:54:53.619 [main] DEBUG nextflow.processor.TaskProcessor - Starting process > cat_summaries
Aug-04 22:54:53.624 [main] DEBUG nextflow.processor.TaskProcessor - Starting process > cat_summaries
Aug-04 22:54:53.628 [main] DEBUG nextflow.script.ScriptRunner - > Awaiting termination 
Aug-04 22:54:53.628 [main] DEBUG nextflow.Session - Session await
Aug-04 22:54:53.819 [Task submitter] DEBUG n.executor.local.LocalTaskHandler - Launch cmd line: /bin/bash -ue .command.run
Aug-04 22:54:53.821 [Task submitter] INFO  nextflow.Session - [63/c79183] Submitted process > make_summary
Aug-04 22:54:53.891 [Task submitter] DEBUG n.executor.local.LocalTaskHandler - Launch cmd line: /bin/bash -ue .command.run
Aug-04 22:54:53.892 [Task submitter] INFO  nextflow.Session - [79/8c6e54] Submitted process > generate_profiles (1)
Aug-04 22:54:53.990 [Task monitor] DEBUG n.processor.TaskPollingMonitor - Task completed > TaskHandler[id: 2; name: make_summary; status: COMPLETED; exit: 0; error: -; workDir: /fred/oz313/processing/DM_optimisation/pipeline/work/63/c7918371deab402fcf39b169aa6c49]
Aug-04 22:59:53.624 [Task monitor] DEBUG n.processor.TaskPollingMonitor - !! executor local > tasks to be completed: 1 -- submitted tasks are shown below
~> TaskHandler[id: 1; name: generate_profiles (1); status: RUNNING; exit: -; error: -; workDir: /fred/oz313/processing/DM_optimisation/pipeline/work/79/8c6e542d5d56d46213a57c5f46b89b]
Aug-04 23:04:53.717 [Task monitor] DEBUG n.processor.TaskPollingMonitor - !! executor local > tasks to be completed: 1 -- submitted tasks are shown below
~> TaskHandler[id: 1; name: generate_profiles (1); status: RUNNING; exit: -; error: -; workDir: /fred/oz313/processing/DM_optimisation/pipeline/work/79/8c6e542d5d56d46213a57c5f46b89b]
Aug-04 23:06:24.418 [Task monitor] DEBUG n.processor.TaskPollingMonitor - Task completed > TaskHandler[id: 1; name: generate_profiles (1); status: COMPLETED; exit: 0; error: -; workDir: /fred/oz313/processing/DM_optimisation/pipeline/work/79/8c6e542d5d56d46213a57c5f46b89b]
Aug-04 23:06:24.748 [Task submitter] DEBUG n.executor.local.LocalTaskHandler - Launch cmd line: /bin/bash -ue .command.run
Aug-04 23:06:24.750 [Task submitter] INFO  nextflow.Session - [d9/1fc91f] Submitted process > maximise_structure (1)
Aug-04 23:06:30.025 [Task monitor] DEBUG n.processor.TaskPollingMonitor - Task completed > TaskHandler[id: 3; name: maximise_structure (1); status: COMPLETED; exit: 0; error: -; workDir: /fred/oz313/processing/DM_optimisation/pipeline/work/d9/1fc91feeb42a0688def5b4c77f0118]
Aug-04 23:06:30.267 [Task submitter] DEBUG n.executor.local.LocalTaskHandler - Launch cmd line: /bin/bash -ue .command.run
Aug-04 23:06:30.268 [Task submitter] INFO  nextflow.Session - [ea/bcfdc7] Submitted process > cat_summaries (2)
Aug-04 23:06:30.301 [Task submitter] DEBUG n.executor.local.LocalTaskHandler - Launch cmd line: /bin/bash -ue .command.run
Aug-04 23:06:30.301 [Task submitter] INFO  nextflow.Session - [18/b1eabd] Submitted process > cat_summaries (1)
Aug-04 23:06:30.451 [Task monitor] DEBUG n.processor.TaskPollingMonitor - Task completed > TaskHandler[id: 4; name: cat_summaries (1); status: COMPLETED; exit: 0; error: -; workDir: /fred/oz313/processing/DM_optimisation/pipeline/work/18/b1eabd97408f0d1df31c8a65d671e4]
Aug-04 23:06:30.499 [Task monitor] DEBUG n.processor.TaskPollingMonitor - Task completed > TaskHandler[id: 5; name: cat_summaries (2); status: COMPLETED; exit: 0; error: -; workDir: /fred/oz313/processing/DM_optimisation/pipeline/work/ea/bcfdc718953fcca26916b2beda13a6]
Aug-04 23:06:30.502 [main] DEBUG nextflow.Session - Session await > all processes finished
Aug-04 23:06:30.599 [main] DEBUG nextflow.Session - Session await > all barriers passed
Aug-04 23:06:30.616 [main] DEBUG nextflow.trace.WorkflowStatsObserver - Workflow completed > WorkflowStats[succeededCount=5; failedCount=0; ignoredCount=0; cachedCount=0; pendingCount=0; submittedCount=0; runningCount=0; retriesCount=0; abortedCount=0; succeedDuration=11m 36s; failedDuration=0ms; cachedDuration=0ms;loadCpus=0; loadMemory=0; peakRunning=2; peakCpus=2; peakMemory=0; ]
Aug-04 23:06:30.742 [main] DEBUG nextflow.cache.CacheDB - Closing CacheDB done
Aug-04 23:06:30.799 [main] DEBUG nextflow.util.ThreadPoolManager - Thread pool 'FileTransfer' shutdown completed (hard=false)
Aug-04 23:06:30.800 [main] DEBUG nextflow.script.ScriptRunner - > Execution complete -- Goodbye
